<?xml version="1.0" encoding="UTF-8"?>
<testsuite xmlns:xsi="http://www.w3.org/2001/XMLSchema-instance" xsi:noNamespaceSchemaLocation="https://maven.apache.org/surefire/maven-surefire-plugin/xsd/surefire-test-report-3.0.xsd" version="3.0" name="cucumberOptions.TestRunner" time="41.655" tests="4" errors="0" skipped="0" failures="1">
  <properties>
    <property name="java.specification.version" value="21"/>
    <property name="sun.cpu.isalist" value="amd64"/>
    <property name="sun.jnu.encoding" value="Cp1252"/>
    <property name="java.class.path" value="C:\Users\Deepti\eclipse-workspace\revenue-test-app\target\test-classes;C:\Users\Deepti\eclipse-workspace\revenue-test-app\target\classes;C:\Users\Deepti\.m2\repository\io\rest-assured\rest-assured\5.4.0\rest-assured-5.4.0.jar;C:\Users\Deepti\.m2\repository\org\apache\groovy\groovy\4.0.16\groovy-4.0.16.jar;C:\Users\Deepti\.m2\repository\org\apache\groovy\groovy-xml\4.0.16\groovy-xml-4.0.16.jar;C:\Users\Deepti\.m2\repository\org\apache\httpcomponents\httpclient\4.5.13\httpclient-4.5.13.jar;C:\Users\Deepti\.m2\repository\org\apache\httpcomponents\httpcore\4.4.13\httpcore-4.4.13.jar;C:\Users\Deepti\.m2\repository\commons-logging\commons-logging\1.2\commons-logging-1.2.jar;C:\Users\Deepti\.m2\repository\commons-codec\commons-codec\1.11\commons-codec-1.11.jar;C:\Users\Deepti\.m2\repository\org\apache\httpcomponents\httpmime\4.5.13\httpmime-4.5.13.jar;C:\Users\Deepti\.m2\repository\org\ccil\cowan\tagsoup\tagsoup\1.2.1\tagsoup-1.2.1.jar;C:\Users\Deepti\.m2\repository\io\rest-assured\json-path\5.4.0\json-path-5.4.0.jar;C:\Users\Deepti\.m2\repository\org\apache\groovy\groovy-json\4.0.16\groovy-json-4.0.16.jar;C:\Users\Deepti\.m2\repository\io\rest-assured\rest-assured-common\5.4.0\rest-assured-common-5.4.0.jar;C:\Users\Deepti\.m2\repository\io\rest-assured\xml-path\5.4.0\xml-path-5.4.0.jar;C:\Users\Deepti\.m2\repository\org\apache\commons\commons-lang3\3.11\commons-lang3-3.11.jar;C:\Users\Deepti\.m2\repository\org\seleniumhq\selenium\selenium-java\4.29.0\selenium-java-4.29.0.jar;C:\Users\Deepti\.m2\repository\org\seleniumhq\selenium\selenium-api\4.29.0\selenium-api-4.29.0.jar;C:\Users\Deepti\.m2\repository\org\jspecify\jspecify\1.0.0\jspecify-1.0.0.jar;C:\Users\Deepti\.m2\repository\org\seleniumhq\selenium\selenium-chrome-driver\4.29.0\selenium-chrome-driver-4.29.0.jar;C:\Users\Deepti\.m2\repository\com\google\auto\service\auto-service-annotations\1.1.1\auto-service-annotations-1.1.1.jar;C:\Users\Deepti\.m2\repository\org\seleniumhq\selenium\selenium-chromium-driver\4.29.0\selenium-chromium-driver-4.29.0.jar;C:\Users\Deepti\.m2\repository\org\seleniumhq\selenium\selenium-json\4.29.0\selenium-json-4.29.0.jar;C:\Users\Deepti\.m2\repository\org\seleniumhq\selenium\selenium-manager\4.29.0\selenium-manager-4.29.0.jar;C:\Users\Deepti\.m2\repository\org\seleniumhq\selenium\selenium-devtools-v131\4.29.0\selenium-devtools-v131-4.29.0.jar;C:\Users\Deepti\.m2\repository\org\seleniumhq\selenium\selenium-devtools-v132\4.29.0\selenium-devtools-v132-4.29.0.jar;C:\Users\Deepti\.m2\repository\org\seleniumhq\selenium\selenium-devtools-v133\4.29.0\selenium-devtools-v133-4.29.0.jar;C:\Users\Deepti\.m2\repository\org\seleniumhq\selenium\selenium-devtools-v85\4.29.0\selenium-devtools-v85-4.29.0.jar;C:\Users\Deepti\.m2\repository\org\seleniumhq\selenium\selenium-edge-driver\4.29.0\selenium-edge-driver-4.29.0.jar;C:\Users\Deepti\.m2\repository\org\seleniumhq\selenium\selenium-firefox-driver\4.29.0\selenium-firefox-driver-4.29.0.jar;C:\Users\Deepti\.m2\repository\org\seleniumhq\selenium\selenium-http\4.29.0\selenium-http-4.29.0.jar;C:\Users\Deepti\.m2\repository\org\seleniumhq\selenium\selenium-ie-driver\4.29.0\selenium-ie-driver-4.29.0.jar;C:\Users\Deepti\.m2\repository\org\seleniumhq\selenium\selenium-remote-driver\4.29.0\selenium-remote-driver-4.29.0.jar;C:\Users\Deepti\.m2\repository\com\google\guava\guava\33.4.0-jre\guava-33.4.0-jre.jar;C:\Users\Deepti\.m2\repository\com\google\guava\failureaccess\1.0.2\failureaccess-1.0.2.jar;C:\Users\Deepti\.m2\repository\com\google\guava\listenablefuture\9999.0-empty-to-avoid-conflict-with-guava\listenablefuture-9999.0-empty-to-avoid-conflict-with-guava.jar;C:\Users\Deepti\.m2\repository\com\google\code\findbugs\jsr305\3.0.2\jsr305-3.0.2.jar;C:\Users\Deepti\.m2\repository\org\checkerframework\checker-qual\3.43.0\checker-qual-3.43.0.jar;C:\Users\Deepti\.m2\repository\com\google\errorprone\error_prone_annotations\2.36.0\error_prone_annotations-2.36.0.jar;C:\Users\Deepti\.m2\repository\com\google\j2objc\j2objc-annotations\3.0.0\j2objc-annotations-3.0.0.jar;C:\Users\Deepti\.m2\repository\io\opentelemetry\semconv\opentelemetry-semconv\1.28.0-alpha\opentelemetry-semconv-1.28.0-alpha.jar;C:\Users\Deepti\.m2\repository\io\opentelemetry\opentelemetry-api\1.46.0\opentelemetry-api-1.46.0.jar;C:\Users\Deepti\.m2\repository\io\opentelemetry\opentelemetry-context\1.46.0\opentelemetry-context-1.46.0.jar;C:\Users\Deepti\.m2\repository\io\opentelemetry\opentelemetry-exporter-logging\1.46.0\opentelemetry-exporter-logging-1.46.0.jar;C:\Users\Deepti\.m2\repository\io\opentelemetry\opentelemetry-sdk-common\1.46.0\opentelemetry-sdk-common-1.46.0.jar;C:\Users\Deepti\.m2\repository\io\opentelemetry\opentelemetry-sdk-extension-autoconfigure-spi\1.46.0\opentelemetry-sdk-extension-autoconfigure-spi-1.46.0.jar;C:\Users\Deepti\.m2\repository\io\opentelemetry\opentelemetry-sdk-extension-autoconfigure\1.46.0\opentelemetry-sdk-extension-autoconfigure-1.46.0.jar;C:\Users\Deepti\.m2\repository\io\opentelemetry\opentelemetry-api-incubator\1.46.0-alpha\opentelemetry-api-incubator-1.46.0-alpha.jar;C:\Users\Deepti\.m2\repository\io\opentelemetry\opentelemetry-sdk-trace\1.46.0\opentelemetry-sdk-trace-1.46.0.jar;C:\Users\Deepti\.m2\repository\io\opentelemetry\opentelemetry-sdk\1.46.0\opentelemetry-sdk-1.46.0.jar;C:\Users\Deepti\.m2\repository\io\opentelemetry\opentelemetry-sdk-metrics\1.46.0\opentelemetry-sdk-metrics-1.46.0.jar;C:\Users\Deepti\.m2\repository\io\opentelemetry\opentelemetry-sdk-logs\1.46.0\opentelemetry-sdk-logs-1.46.0.jar;C:\Users\Deepti\.m2\repository\net\bytebuddy\byte-buddy\1.15.11\byte-buddy-1.15.11.jar;C:\Users\Deepti\.m2\repository\org\seleniumhq\selenium\selenium-os\4.29.0\selenium-os-4.29.0.jar;C:\Users\Deepti\.m2\repository\org\apache\commons\commons-exec\1.4.0\commons-exec-1.4.0.jar;C:\Users\Deepti\.m2\repository\org\seleniumhq\selenium\selenium-safari-driver\4.29.0\selenium-safari-driver-4.29.0.jar;C:\Users\Deepti\.m2\repository\org\seleniumhq\selenium\selenium-support\4.29.0\selenium-support-4.29.0.jar;C:\Users\Deepti\.m2\repository\org\hamcrest\hamcrest\2.2\hamcrest-2.2.jar;C:\Users\Deepti\.m2\repository\io\cucumber\cucumber-java\7.18.0\cucumber-java-7.18.0.jar;C:\Users\Deepti\.m2\repository\io\cucumber\cucumber-core\7.18.0\cucumber-core-7.18.0.jar;C:\Users\Deepti\.m2\repository\io\cucumber\cucumber-gherkin\7.18.0\cucumber-gherkin-7.18.0.jar;C:\Users\Deepti\.m2\repository\io\cucumber\cucumber-gherkin-messages\7.18.0\cucumber-gherkin-messages-7.18.0.jar;C:\Users\Deepti\.m2\repository\io\cucumber\gherkin\28.0.0\gherkin-28.0.0.jar;C:\Users\Deepti\.m2\repository\io\cucumber\messages\24.1.0\messages-24.1.0.jar;C:\Users\Deepti\.m2\repository\io\cucumber\testng-xml-formatter\0.1.0\testng-xml-formatter-0.1.0.jar;C:\Users\Deepti\.m2\repository\io\cucumber\query\12.2.0\query-12.2.0.jar;C:\Users\Deepti\.m2\repository\io\cucumber\tag-expressions\6.1.0\tag-expressions-6.1.0.jar;C:\Users\Deepti\.m2\repository\io\cucumber\cucumber-expressions\17.1.0\cucumber-expressions-17.1.0.jar;C:\Users\Deepti\.m2\repository\io\cucumber\datatable\7.18.0\datatable-7.18.0.jar;C:\Users\Deepti\.m2\repository\io\cucumber\cucumber-plugin\7.18.0\cucumber-plugin-7.18.0.jar;C:\Users\Deepti\.m2\repository\io\cucumber\docstring\7.18.0\docstring-7.18.0.jar;C:\Users\Deepti\.m2\repository\io\cucumber\html-formatter\21.3.1\html-formatter-21.3.1.jar;C:\Users\Deepti\.m2\repository\io\cucumber\junit-xml-formatter\0.4.0\junit-xml-formatter-0.4.0.jar;C:\Users\Deepti\.m2\repository\io\cucumber\ci-environment\10.0.1\ci-environment-10.0.1.jar;C:\Users\Deepti\.m2\repository\org\apiguardian\apiguardian-api\1.1.2\apiguardian-api-1.1.2.jar;C:\Users\Deepti\.m2\repository\io\cucumber\cucumber-junit\7.18.0\cucumber-junit-7.18.0.jar;C:\Users\Deepti\.m2\repository\org\hamcrest\hamcrest-core\1.3\hamcrest-core-1.3.jar;C:\Users\Deepti\.m2\repository\org\slf4j\slf4j-simple\2.0.13\slf4j-simple-2.0.13.jar;C:\Users\Deepti\.m2\repository\org\slf4j\slf4j-api\2.0.13\slf4j-api-2.0.13.jar;C:\Users\Deepti\.m2\repository\org\apache\logging\log4j\log4j-api\2.20.0\log4j-api-2.20.0.jar;C:\Users\Deepti\.m2\repository\org\apache\logging\log4j\log4j-core\2.20.0\log4j-core-2.20.0.jar;C:\Users\Deepti\.m2\repository\junit\junit\4.13.2\junit-4.13.2.jar;"/>
    <property name="java.vm.vendor" value="Oracle Corporation"/>
    <property name="sun.arch.data.model" value="64"/>
    <property name="user.variant" value=""/>
    <property name="java.vendor.url" value="https://java.oracle.com/"/>
    <property name="user.timezone" value="Australia/Brisbane"/>
    <property name="os.name" value="Windows 11"/>
    <property name="java.vm.specification.version" value="21"/>
    <property name="sun.java.launcher" value="SUN_STANDARD"/>
    <property name="user.country" value="IN"/>
    <property name="sun.boot.library.path" value="C:\Program Files\Java\jdk-21\bin"/>
    <property name="sun.java.command" value="C:\Users\Deepti\AppData\Local\Temp\surefire14562776929995713032\surefirebooter-20251025124538366_3.jar C:\Users\Deepti\AppData\Local\Temp\surefire14562776929995713032 2025-10-25T12-45-38_066-jvmRun1 surefire-20251025124538366_1tmp surefire_0-20251025124538366_2tmp"/>
    <property name="jdk.debug" value="release"/>
    <property name="test" value="cucumberOptions.TestRunner"/>
    <property name="surefire.test.class.path" value="C:\Users\Deepti\eclipse-workspace\revenue-test-app\target\test-classes;C:\Users\Deepti\eclipse-workspace\revenue-test-app\target\classes;C:\Users\Deepti\.m2\repository\io\rest-assured\rest-assured\5.4.0\rest-assured-5.4.0.jar;C:\Users\Deepti\.m2\repository\org\apache\groovy\groovy\4.0.16\groovy-4.0.16.jar;C:\Users\Deepti\.m2\repository\org\apache\groovy\groovy-xml\4.0.16\groovy-xml-4.0.16.jar;C:\Users\Deepti\.m2\repository\org\apache\httpcomponents\httpclient\4.5.13\httpclient-4.5.13.jar;C:\Users\Deepti\.m2\repository\org\apache\httpcomponents\httpcore\4.4.13\httpcore-4.4.13.jar;C:\Users\Deepti\.m2\repository\commons-logging\commons-logging\1.2\commons-logging-1.2.jar;C:\Users\Deepti\.m2\repository\commons-codec\commons-codec\1.11\commons-codec-1.11.jar;C:\Users\Deepti\.m2\repository\org\apache\httpcomponents\httpmime\4.5.13\httpmime-4.5.13.jar;C:\Users\Deepti\.m2\repository\org\ccil\cowan\tagsoup\tagsoup\1.2.1\tagsoup-1.2.1.jar;C:\Users\Deepti\.m2\repository\io\rest-assured\json-path\5.4.0\json-path-5.4.0.jar;C:\Users\Deepti\.m2\repository\org\apache\groovy\groovy-json\4.0.16\groovy-json-4.0.16.jar;C:\Users\Deepti\.m2\repository\io\rest-assured\rest-assured-common\5.4.0\rest-assured-common-5.4.0.jar;C:\Users\Deepti\.m2\repository\io\rest-assured\xml-path\5.4.0\xml-path-5.4.0.jar;C:\Users\Deepti\.m2\repository\org\apache\commons\commons-lang3\3.11\commons-lang3-3.11.jar;C:\Users\Deepti\.m2\repository\org\seleniumhq\selenium\selenium-java\4.29.0\selenium-java-4.29.0.jar;C:\Users\Deepti\.m2\repository\org\seleniumhq\selenium\selenium-api\4.29.0\selenium-api-4.29.0.jar;C:\Users\Deepti\.m2\repository\org\jspecify\jspecify\1.0.0\jspecify-1.0.0.jar;C:\Users\Deepti\.m2\repository\org\seleniumhq\selenium\selenium-chrome-driver\4.29.0\selenium-chrome-driver-4.29.0.jar;C:\Users\Deepti\.m2\repository\com\google\auto\service\auto-service-annotations\1.1.1\auto-service-annotations-1.1.1.jar;C:\Users\Deepti\.m2\repository\org\seleniumhq\selenium\selenium-chromium-driver\4.29.0\selenium-chromium-driver-4.29.0.jar;C:\Users\Deepti\.m2\repository\org\seleniumhq\selenium\selenium-json\4.29.0\selenium-json-4.29.0.jar;C:\Users\Deepti\.m2\repository\org\seleniumhq\selenium\selenium-manager\4.29.0\selenium-manager-4.29.0.jar;C:\Users\Deepti\.m2\repository\org\seleniumhq\selenium\selenium-devtools-v131\4.29.0\selenium-devtools-v131-4.29.0.jar;C:\Users\Deepti\.m2\repository\org\seleniumhq\selenium\selenium-devtools-v132\4.29.0\selenium-devtools-v132-4.29.0.jar;C:\Users\Deepti\.m2\repository\org\seleniumhq\selenium\selenium-devtools-v133\4.29.0\selenium-devtools-v133-4.29.0.jar;C:\Users\Deepti\.m2\repository\org\seleniumhq\selenium\selenium-devtools-v85\4.29.0\selenium-devtools-v85-4.29.0.jar;C:\Users\Deepti\.m2\repository\org\seleniumhq\selenium\selenium-edge-driver\4.29.0\selenium-edge-driver-4.29.0.jar;C:\Users\Deepti\.m2\repository\org\seleniumhq\selenium\selenium-firefox-driver\4.29.0\selenium-firefox-driver-4.29.0.jar;C:\Users\Deepti\.m2\repository\org\seleniumhq\selenium\selenium-http\4.29.0\selenium-http-4.29.0.jar;C:\Users\Deepti\.m2\repository\org\seleniumhq\selenium\selenium-ie-driver\4.29.0\selenium-ie-driver-4.29.0.jar;C:\Users\Deepti\.m2\repository\org\seleniumhq\selenium\selenium-remote-driver\4.29.0\selenium-remote-driver-4.29.0.jar;C:\Users\Deepti\.m2\repository\com\google\guava\guava\33.4.0-jre\guava-33.4.0-jre.jar;C:\Users\Deepti\.m2\repository\com\google\guava\failureaccess\1.0.2\failureaccess-1.0.2.jar;C:\Users\Deepti\.m2\repository\com\google\guava\listenablefuture\9999.0-empty-to-avoid-conflict-with-guava\listenablefuture-9999.0-empty-to-avoid-conflict-with-guava.jar;C:\Users\Deepti\.m2\repository\com\google\code\findbugs\jsr305\3.0.2\jsr305-3.0.2.jar;C:\Users\Deepti\.m2\repository\org\checkerframework\checker-qual\3.43.0\checker-qual-3.43.0.jar;C:\Users\Deepti\.m2\repository\com\google\errorprone\error_prone_annotations\2.36.0\error_prone_annotations-2.36.0.jar;C:\Users\Deepti\.m2\repository\com\google\j2objc\j2objc-annotations\3.0.0\j2objc-annotations-3.0.0.jar;C:\Users\Deepti\.m2\repository\io\opentelemetry\semconv\opentelemetry-semconv\1.28.0-alpha\opentelemetry-semconv-1.28.0-alpha.jar;C:\Users\Deepti\.m2\repository\io\opentelemetry\opentelemetry-api\1.46.0\opentelemetry-api-1.46.0.jar;C:\Users\Deepti\.m2\repository\io\opentelemetry\opentelemetry-context\1.46.0\opentelemetry-context-1.46.0.jar;C:\Users\Deepti\.m2\repository\io\opentelemetry\opentelemetry-exporter-logging\1.46.0\opentelemetry-exporter-logging-1.46.0.jar;C:\Users\Deepti\.m2\repository\io\opentelemetry\opentelemetry-sdk-common\1.46.0\opentelemetry-sdk-common-1.46.0.jar;C:\Users\Deepti\.m2\repository\io\opentelemetry\opentelemetry-sdk-extension-autoconfigure-spi\1.46.0\opentelemetry-sdk-extension-autoconfigure-spi-1.46.0.jar;C:\Users\Deepti\.m2\repository\io\opentelemetry\opentelemetry-sdk-extension-autoconfigure\1.46.0\opentelemetry-sdk-extension-autoconfigure-1.46.0.jar;C:\Users\Deepti\.m2\repository\io\opentelemetry\opentelemetry-api-incubator\1.46.0-alpha\opentelemetry-api-incubator-1.46.0-alpha.jar;C:\Users\Deepti\.m2\repository\io\opentelemetry\opentelemetry-sdk-trace\1.46.0\opentelemetry-sdk-trace-1.46.0.jar;C:\Users\Deepti\.m2\repository\io\opentelemetry\opentelemetry-sdk\1.46.0\opentelemetry-sdk-1.46.0.jar;C:\Users\Deepti\.m2\repository\io\opentelemetry\opentelemetry-sdk-metrics\1.46.0\opentelemetry-sdk-metrics-1.46.0.jar;C:\Users\Deepti\.m2\repository\io\opentelemetry\opentelemetry-sdk-logs\1.46.0\opentelemetry-sdk-logs-1.46.0.jar;C:\Users\Deepti\.m2\repository\net\bytebuddy\byte-buddy\1.15.11\byte-buddy-1.15.11.jar;C:\Users\Deepti\.m2\repository\org\seleniumhq\selenium\selenium-os\4.29.0\selenium-os-4.29.0.jar;C:\Users\Deepti\.m2\repository\org\apache\commons\commons-exec\1.4.0\commons-exec-1.4.0.jar;C:\Users\Deepti\.m2\repository\org\seleniumhq\selenium\selenium-safari-driver\4.29.0\selenium-safari-driver-4.29.0.jar;C:\Users\Deepti\.m2\repository\org\seleniumhq\selenium\selenium-support\4.29.0\selenium-support-4.29.0.jar;C:\Users\Deepti\.m2\repository\org\hamcrest\hamcrest\2.2\hamcrest-2.2.jar;C:\Users\Deepti\.m2\repository\io\cucumber\cucumber-java\7.18.0\cucumber-java-7.18.0.jar;C:\Users\Deepti\.m2\repository\io\cucumber\cucumber-core\7.18.0\cucumber-core-7.18.0.jar;C:\Users\Deepti\.m2\repository\io\cucumber\cucumber-gherkin\7.18.0\cucumber-gherkin-7.18.0.jar;C:\Users\Deepti\.m2\repository\io\cucumber\cucumber-gherkin-messages\7.18.0\cucumber-gherkin-messages-7.18.0.jar;C:\Users\Deepti\.m2\repository\io\cucumber\gherkin\28.0.0\gherkin-28.0.0.jar;C:\Users\Deepti\.m2\repository\io\cucumber\messages\24.1.0\messages-24.1.0.jar;C:\Users\Deepti\.m2\repository\io\cucumber\testng-xml-formatter\0.1.0\testng-xml-formatter-0.1.0.jar;C:\Users\Deepti\.m2\repository\io\cucumber\query\12.2.0\query-12.2.0.jar;C:\Users\Deepti\.m2\repository\io\cucumber\tag-expressions\6.1.0\tag-expressions-6.1.0.jar;C:\Users\Deepti\.m2\repository\io\cucumber\cucumber-expressions\17.1.0\cucumber-expressions-17.1.0.jar;C:\Users\Deepti\.m2\repository\io\cucumber\datatable\7.18.0\datatable-7.18.0.jar;C:\Users\Deepti\.m2\repository\io\cucumber\cucumber-plugin\7.18.0\cucumber-plugin-7.18.0.jar;C:\Users\Deepti\.m2\repository\io\cucumber\docstring\7.18.0\docstring-7.18.0.jar;C:\Users\Deepti\.m2\repository\io\cucumber\html-formatter\21.3.1\html-formatter-21.3.1.jar;C:\Users\Deepti\.m2\repository\io\cucumber\junit-xml-formatter\0.4.0\junit-xml-formatter-0.4.0.jar;C:\Users\Deepti\.m2\repository\io\cucumber\ci-environment\10.0.1\ci-environment-10.0.1.jar;C:\Users\Deepti\.m2\repository\org\apiguardian\apiguardian-api\1.1.2\apiguardian-api-1.1.2.jar;C:\Users\Deepti\.m2\repository\io\cucumber\cucumber-junit\7.18.0\cucumber-junit-7.18.0.jar;C:\Users\Deepti\.m2\repository\org\hamcrest\hamcrest-core\1.3\hamcrest-core-1.3.jar;C:\Users\Deepti\.m2\repository\org\slf4j\slf4j-simple\2.0.13\slf4j-simple-2.0.13.jar;C:\Users\Deepti\.m2\repository\org\slf4j\slf4j-api\2.0.13\slf4j-api-2.0.13.jar;C:\Users\Deepti\.m2\repository\org\apache\logging\log4j\log4j-api\2.20.0\log4j-api-2.20.0.jar;C:\Users\Deepti\.m2\repository\org\apache\logging\log4j\log4j-core\2.20.0\log4j-core-2.20.0.jar;C:\Users\Deepti\.m2\repository\junit\junit\4.13.2\junit-4.13.2.jar;"/>
    <property name="sun.cpu.endian" value="little"/>
    <property name="user.home" value="C:\Users\Deepti"/>
    <property name="user.language" value="en"/>
    <property name="java.specification.vendor" value="Oracle Corporation"/>
    <property name="java.version.date" value="2024-04-16"/>
    <property name="java.home" value="C:\Program Files\Java\jdk-21"/>
    <property name="file.separator" value="\"/>
    <property name="basedir" value="C:\Users\Deepti\eclipse-workspace\revenue-test-app"/>
    <property name="java.vm.compressedOopsMode" value="Zero based"/>
    <property name="line.separator" value="&#10;"/>
    <property name="java.vm.specification.vendor" value="Oracle Corporation"/>
    <property name="java.specification.name" value="Java Platform API Specification"/>
    <property name="surefire.real.class.path" value="C:\Users\Deepti\AppData\Local\Temp\surefire14562776929995713032\surefirebooter-20251025124538366_3.jar"/>
    <property name="user.script" value=""/>
    <property name="sun.management.compiler" value="HotSpot 64-Bit Tiered Compilers"/>
    <property name="java.runtime.version" value="21.0.3+7-LTS-152"/>
    <property name="user.name" value="Deepti"/>
    <property name="stdout.encoding" value="Cp1252"/>
    <property name="path.separator" value=";"/>
    <property name="os.version" value="10.0"/>
    <property name="java.runtime.name" value="Java(TM) SE Runtime Environment"/>
    <property name="file.encoding" value="UTF-8"/>
    <property name="java.vm.name" value="Java HotSpot(TM) 64-Bit Server VM"/>
    <property name="localRepository" value="C:\Users\Deepti\.m2\repository"/>
    <property name="java.vendor.url.bug" value="https://bugreport.java.com/bugreport/"/>
    <property name="java.io.tmpdir" value="C:\Users\Deepti\AppData\Local\Temp\"/>
    <property name="java.version" value="21.0.3"/>
    <property name="user.dir" value="C:\Users\Deepti\eclipse-workspace\revenue-test-app"/>
    <property name="os.arch" value="amd64"/>
    <property name="java.vm.specification.name" value="Java Virtual Machine Specification"/>
    <property name="sun.os.patch.level" value=""/>
    <property name="native.encoding" value="Cp1252"/>
    <property name="java.library.path" value="C:\Program Files\Java\jdk-21\bin;C:\WINDOWS\Sun\Java\bin;C:\WINDOWS\system32;C:\WINDOWS;C:\Program Files\Common Files\Oracle\Java\javapath;C:\Python312\Scripts\;C:\Python312\;C:\WINDOWS\system32;C:\WINDOWS;C:\WINDOWS\System32\Wbem;C:\WINDOWS\System32\WindowsPowerShell\v1.0\;C:\WINDOWS\System32\OpenSSH\;C:\ProgramData\chocolatey\bin;C:\Program Files\Git\cmd;C:\Program Files\Java\jdk-21\bin;C:\Program Files\Maven\apache-maven-3.9.8\bin;C:\Program Files (x86)\Microsoft SQL Server\110\Tools\Binn\;C:\Program Files (x86)\Microsoft SQL Server\110\DTS\Binn\;C:\Program Files\nodejs\;C:\Program Files\Docker\Docker\resources\bin;C:\strawberry\c\bin;C:\strawberry\perl\bin;C:\Users\Deepti\AppData\Local\Microsoft\WindowsApps;C:\Users\Deepti\AppData\Local\Microsoft\WinGet\Packages\Schniz.fnm_Microsoft.Winget.Source_8wekyb3d8bbwe;C:\Users\Deepti\AppData\Local\Programs\Microsoft VS Code\bin;C:\Program Files\nodejs\node_modules\npm\bin;C:\Program Files\Git\bin\;C:\Program Files\Git\cmd\;;C:\Users\Deepti\AppData\Local\JetBrains\IntelliJ IDEA 2024.2.0.2\bin;;C:\Users\Deepti\AppData\Roaming\npm;."/>
    <property name="java.vm.info" value="mixed mode, sharing"/>
    <property name="stderr.encoding" value="Cp1252"/>
    <property name="java.vendor" value="Oracle Corporation"/>
    <property name="java.vm.version" value="21.0.3+7-LTS-152"/>
    <property name="sun.io.unicode.encoding" value="UnicodeLittle"/>
    <property name="java.class.version" value="65.0"/>
  </properties>
  <testcase name="Validate Author API has given personal name and alternate names in response" classname="Author API should respond correctly" time="7.032">
    <system-out><![CDATA[
Scenario Outline: Validate Author API has given personal name and alternate names in response # src/test/java/features/CheckAPIResponse.feature:11
  Given the baseURL                                                                           # stepDefinitions.stepDefinitionAPI.the_base_url()
Request method:	GET
Request URI:	https://openlibrary.org/authors/OL1A.json
Proxy:			<none>
Request params:	<none>
Query params:	<none>
Form params:	<none>
Path params:	<none>
Headers:		Accept=*/*
Cookies:		<none>
Multiparts:		<none>
Body:			<none>
HTTP/1.1 200 OK
Server: nginx/1.28.0
Date: Sat, 25 Oct 2025 02:45:44 GMT
Content-Type: application/json
Transfer-Encoding: chunked
Connection: keep-alive
access-control-allow-origin: *
access-control-allow-method: GET, OPTIONS
access-control-max-age: 86400
x-ol-stats: "MC 2 0.001 TT 0 0.005"
Referrer-Policy: no-referrer-when-downgrade

{
    "name": "Sachi Routray",
    "bio": {
        "type": "/type/text",
        "value": "Sachidananda Routray (13 May 1916 – 21 August 2004) was an Indian poet, novelist and short-story writer who wrote in Odia. He received Jnanpith Award, the highest literary award of India, in 1986. He was popularly known as Sachi Routray."
    },
    "personal_name": "Sachi Rautroy",
    "death_date": "2004",
    "alternate_names": [
        "Satchidananda Raut Roy",
        "Satchidananda Raut-Roy",
        "Satchidananda Rautroy",
        "Satchi Raut Roy",
        "Satchi Raut-Roy",
        "Satchi Rautroy",
        "Saccidānanda Rāutarāẏa",
        "Yugashrashta Sachi Routray",
        "Sacci Rāutarāẏa",
        "Sachidananda Routray",
        "Rāutarāẏa, Saccidānanda",
        "ସଚ୍ଚିଦାନନ୍ଦ ରାଉତରାୟ ଓଡ଼ିଆ ଲେଖକ",
        "Sachi Rautroy"
    ],
    "birth_date": "1916",
    "type": {
        "key": "/type/author"
    },
    "remote_ids": {
        "wikidata": "Q5320436",
        "isni": "0000000119387514",
        "viaf": "107786978",
        "lc_naf": "n89283686"
    },
    "photos": [
        11538051
    ],
    "key": "/authors/OL1A",
    "latest_revision": 14,
    "revision": 14,
    "created": {
        "type": "/type/datetime",
        "value": "2008-04-01T03:28:50.625462"
    },
    "last_modified": {
        "type": "/type/datetime",
        "value": "2025-06-12T17:03:38.232232"
    }
}
  When I hit the endpoint for getAuthors                                                      # stepDefinitions.stepDefinitionAPI.i_hit_the_endpoint_for_get_authors()
  Then I verify the "personal_name" in response is "Sachi Rautroy"                            # stepDefinitions.stepDefinitionAPI.i_verify_the_in_response_is(java.lang.String,java.lang.String)
Request method:	GET
Request URI:	https://openlibrary.org/authors/OL1A.json
Proxy:			<none>
Request params:	<none>
Query params:	<none>
Form params:	<none>
Path params:	<none>
Headers:		Accept=*/*
Cookies:		<none>
Multiparts:		<none>
Body:			<none>
HTTP/1.1 200 OK
Server: nginx/1.28.0
Date: Sat, 25 Oct 2025 02:45:46 GMT
Content-Type: application/json
Transfer-Encoding: chunked
Connection: keep-alive
access-control-allow-origin: *
access-control-allow-method: GET, OPTIONS
access-control-max-age: 86400
x-ol-stats: "MC 2 0.001 TT 0 0.004"
Referrer-Policy: no-referrer-when-downgrade

{
    "name": "Sachi Routray",
    "bio": {
        "type": "/type/text",
        "value": "Sachidananda Routray (13 May 1916 – 21 August 2004) was an Indian poet, novelist and short-story writer who wrote in Odia. He received Jnanpith Award, the highest literary award of India, in 1986. He was popularly known as Sachi Routray."
    },
    "personal_name": "Sachi Rautroy",
    "death_date": "2004",
    "alternate_names": [
        "Satchidananda Raut Roy",
        "Satchidananda Raut-Roy",
        "Satchidananda Rautroy",
        "Satchi Raut Roy",
        "Satchi Raut-Roy",
        "Satchi Rautroy",
        "Saccidānanda Rāutarāẏa",
        "Yugashrashta Sachi Routray",
        "Sacci Rāutarāẏa",
        "Sachidananda Routray",
        "Rāutarāẏa, Saccidānanda",
        "ସଚ୍ଚିଦାନନ୍ଦ ରାଉତରାୟ ଓଡ଼ିଆ ଲେଖକ",
        "Sachi Rautroy"
    ],
    "birth_date": "1916",
    "type": {
        "key": "/type/author"
    },
    "remote_ids": {
        "wikidata": "Q5320436",
        "isni": "0000000119387514",
        "viaf": "107786978",
        "lc_naf": "n89283686"
    },
    "photos": [
        11538051
    ],
    "key": "/authors/OL1A",
    "latest_revision": 14,
    "revision": 14,
    "created": {
        "type": "/type/datetime",
        "value": "2008-04-01T03:28:50.625462"
    },
    "last_modified": {
        "type": "/type/datetime",
        "value": "2025-06-12T17:03:38.232232"
    }
}
  And I verify the "alternate_names" in response contains "Yugashrashta Sachi Routray"        # stepDefinitions.stepDefinitionAPI.i_verify_the_in_response_contains(java.lang.String,java.lang.String)
]]></system-out>
  </testcase>
  <testcase name="Open Service NSW and check online stamp duty page is visble and all details in popup are correct #1" classname="Check Motor Vehicle Stamp Duty with differents sets of data" time="11.768">
    <system-out><![CDATA[
Scenario Outline: Open Service NSW and check online stamp duty page is visble and all details in popup are correct # src/test/java/features/CheckStampDuty.feature:15
  Given I open the Service NSW check motor vehicle stamp duty page                                                 # stepDefinitions.stepDefinitionUI.i_open_the_service_nsw_check_motor_vehicle_stamp_duty_page()
  When I click the Check Online button                                                                             # stepDefinitions.stepDefinitionUI.i_click_the_check_online_button()
  Then The Check Online page should be displayed                                                                   # stepDefinitions.stepDefinitionUI.the_check_online_page_should_be_displayed()
  And on entering the 44999 in page                                                                                # stepDefinitions.stepDefinitionUI.on_entering_the_in_page(java.lang.Integer)
  And click on Calculate button                                                                                    # stepDefinitions.stepDefinitionUI.click_on_calculate_button()
Expected_Duty :$1,350.00
  Then All the details like  "Yes" "$1,350.00" are correct                                                         # stepDefinitions.stepDefinitionUI.all_the_details_like_are_correct(java.lang.String,java.lang.String)
Closing browser after scenario...
]]></system-out>
    <system-err><![CDATA[Oct 25, 2025 12:45:50 PM org.openqa.selenium.devtools.CdpVersionFinder findNearestMatch
WARNING: Unable to find CDP implementation matching 141
Oct 25, 2025 12:45:50 PM org.openqa.selenium.chromium.ChromiumDriver lambda$new$4
WARNING: Unable to find version of CDP to use for 141.0.7390.108. You may need to include a dependency on a specific version of the CDP using something similar to `org.seleniumhq.selenium:selenium-devtools-v86:4.29.0` where the version ("v86") matches the version of the chromium-based browser you're using and the version number of the artifact is the same as Selenium's.
]]></system-err>
  </testcase>
  <testcase name="Open Service NSW and check online stamp duty page is visble and all details in popup are correct #2" classname="Check Motor Vehicle Stamp Duty with differents sets of data" time="10.363">
    <failure message="expected:&lt;$1,35[0].00&gt; but was:&lt;$1,35[9].00&gt;" type="org.junit.ComparisonFailure"><![CDATA[org.junit.ComparisonFailure: expected:<$1,35[0].00> but was:<$1,35[9].00>
	at org.junit.Assert.assertEquals(Assert.java:117)
	at org.junit.Assert.assertEquals(Assert.java:146)
	at stepDefinitions.stepDefinitionUI.all_the_details_like_are_correct(stepDefinitionUI.java:114)
	at ✽.All the details like  "Yes" "$1,359.00" are correct(file:///C:/Users/Deepti/eclipse-workspace/revenue-test-app/src/test/java/features/CheckStampDuty.feature:11)
]]></failure>
    <system-out><![CDATA[
Scenario Outline: Open Service NSW and check online stamp duty page is visble and all details in popup are correct # src/test/java/features/CheckStampDuty.feature:16
  Given I open the Service NSW check motor vehicle stamp duty page                                                 # stepDefinitions.stepDefinitionUI.i_open_the_service_nsw_check_motor_vehicle_stamp_duty_page()
  When I click the Check Online button                                                                             # stepDefinitions.stepDefinitionUI.i_click_the_check_online_button()
  Then The Check Online page should be displayed                                                                   # stepDefinitions.stepDefinitionUI.the_check_online_page_should_be_displayed()
  And on entering the 45000 in page                                                                                # stepDefinitions.stepDefinitionUI.on_entering_the_in_page(java.lang.Integer)
  And click on Calculate button                                                                                    # stepDefinitions.stepDefinitionUI.click_on_calculate_button()
Expected_Duty :$1,350.00
  Then All the details like  "Yes" "$1,359.00" are correct                                                         # stepDefinitions.stepDefinitionUI.all_the_details_like_are_correct(java.lang.String,java.lang.String)
      org.junit.ComparisonFailure: expected:<$1,35[0].00> but was:<$1,35[9].00>
	at org.junit.Assert.assertEquals(Assert.java:117)
	at org.junit.Assert.assertEquals(Assert.java:146)
	at stepDefinitions.stepDefinitionUI.all_the_details_like_are_correct(stepDefinitionUI.java:114)
	at ✽.All the details like  "Yes" "$1,359.00" are correct(file:///C:/Users/Deepti/eclipse-workspace/revenue-test-app/src/test/java/features/CheckStampDuty.feature:11)

Closing browser after scenario...
]]></system-out>
    <system-err><![CDATA[Oct 25, 2025 12:46:01 PM org.openqa.selenium.devtools.CdpVersionFinder findNearestMatch
WARNING: Unable to find CDP implementation matching 141
Oct 25, 2025 12:46:01 PM org.openqa.selenium.chromium.ChromiumDriver lambda$new$4
WARNING: Unable to find version of CDP to use for 141.0.7390.108. You may need to include a dependency on a specific version of the CDP using something similar to `org.seleniumhq.selenium:selenium-devtools-v86:4.29.0` where the version ("v86") matches the version of the chromium-based browser you're using and the version number of the artifact is the same as Selenium's.
]]></system-err>
  </testcase>
  <testcase name="Open Service NSW and check online stamp duty page is visble and all details in popup are correct #3" classname="Check Motor Vehicle Stamp Duty with differents sets of data" time="11.049">
    <system-out><![CDATA[
Scenario Outline: Open Service NSW and check online stamp duty page is visble and all details in popup are correct # src/test/java/features/CheckStampDuty.feature:17
  Given I open the Service NSW check motor vehicle stamp duty page                                                 # stepDefinitions.stepDefinitionUI.i_open_the_service_nsw_check_motor_vehicle_stamp_duty_page()
  When I click the Check Online button                                                                             # stepDefinitions.stepDefinitionUI.i_click_the_check_online_button()
  Then The Check Online page should be displayed                                                                   # stepDefinitions.stepDefinitionUI.the_check_online_page_should_be_displayed()
  And on entering the 45500 in page                                                                                # stepDefinitions.stepDefinitionUI.on_entering_the_in_page(java.lang.Integer)
  And click on Calculate button                                                                                    # stepDefinitions.stepDefinitionUI.click_on_calculate_button()
Expected_Duty :$1,375.00
  Then All the details like  "Yes" "$1,375.00" are correct                                                         # stepDefinitions.stepDefinitionUI.all_the_details_like_are_correct(java.lang.String,java.lang.String)
Closing browser after scenario...
]]></system-out>
    <system-err><![CDATA[Oct 25, 2025 12:46:11 PM org.openqa.selenium.devtools.CdpVersionFinder findNearestMatch
WARNING: Unable to find CDP implementation matching 141
Oct 25, 2025 12:46:11 PM org.openqa.selenium.chromium.ChromiumDriver lambda$new$4
WARNING: Unable to find version of CDP to use for 141.0.7390.108. You may need to include a dependency on a specific version of the CDP using something similar to `org.seleniumhq.selenium:selenium-devtools-v86:4.29.0` where the version ("v86") matches the version of the chromium-based browser you're using and the version number of the artifact is the same as Selenium's.
]]></system-err>
  </testcase>
</testsuite>